\\134.226.32.3\UGRAD\BURKEGA\VISION\OPENCVEXAMPLE\DEBUG\BINARY.OBJ
\\134.226.32.3\UGRAD\BURKEGA\VISION\OPENCVEXAMPLE\DEBUG\CAMERACALIBRATION.OBJ
\\134.226.32.3\UGRAD\BURKEGA\VISION\OPENCVEXAMPLE\DEBUG\EDGES.OBJ
\\134.226.32.3\UGRAD\BURKEGA\VISION\OPENCVEXAMPLE\DEBUG\FEATURES.OBJ
\\134.226.32.3\UGRAD\BURKEGA\VISION\OPENCVEXAMPLE\DEBUG\GEOMETRIC.OBJ
\\134.226.32.3\UGRAD\BURKEGA\VISION\OPENCVEXAMPLE\DEBUG\HISTOGRAMS.OBJ
\\134.226.32.3\UGRAD\BURKEGA\VISION\OPENCVEXAMPLE\DEBUG\IMAGES.OBJ
\\134.226.32.3\UGRAD\BURKEGA\VISION\OPENCVEXAMPLE\DEBUG\MAIN.OBJ
\\134.226.32.3\UGRAD\BURKEGA\VISION\OPENCVEXAMPLE\DEBUG\RECOGNITION.OBJ
\\134.226.32.3\UGRAD\BURKEGA\VISION\OPENCVEXAMPLE\DEBUG\UTILITIES.OBJ
\\134.226.32.3\UGRAD\BURKEGA\VISION\OPENCVEXAMPLE\DEBUG\VIDEO.OBJ
\\134.226.32.3\UGRAD\BURKEGA\VISION\OPENCVEXAMPLE\DEBUG\VC110.PDB
U:\VISION\OPENCVEXAMPLE\DEBUG\BINARY.OBJ
U:\VISION\OPENCVEXAMPLE\DEBUG\CAMERACALIBRATION.OBJ
U:\VISION\OPENCVEXAMPLE\DEBUG\EDGES.OBJ
U:\VISION\OPENCVEXAMPLE\DEBUG\FEATURES.OBJ
U:\VISION\OPENCVEXAMPLE\DEBUG\GEOMETRIC.OBJ
U:\VISION\OPENCVEXAMPLE\DEBUG\HISTOGRAMS.OBJ
U:\VISION\OPENCVEXAMPLE\DEBUG\IMAGES.OBJ
U:\VISION\OPENCVEXAMPLE\DEBUG\MAIN.OBJ
U:\VISION\OPENCVEXAMPLE\DEBUG\RECOGNITION.OBJ
U:\VISION\OPENCVEXAMPLE\DEBUG\UTILITIES.OBJ
U:\VISION\OPENCVEXAMPLE\DEBUG\VIDEO.OBJ
U:\VISION\OPENCVEXAMPLE\DEBUG\VC110.PDB
U:\VISION\LAB_1\DEBUG\BINARY.OBJ
U:\VISION\LAB_1\DEBUG\CAMERACALIBRATION.OBJ
U:\VISION\LAB_1\DEBUG\EDGES.OBJ
U:\VISION\LAB_1\DEBUG\FEATURES.OBJ
U:\VISION\LAB_1\DEBUG\GEOMETRIC.OBJ
U:\VISION\LAB_1\DEBUG\HISTOGRAMS.OBJ
U:\VISION\LAB_1\DEBUG\IMAGES.OBJ
U:\VISION\LAB_1\DEBUG\RECOGNITION.OBJ
U:\VISION\LAB_1\DEBUG\UTILITIES.OBJ
U:\VISION\LAB_1\DEBUG\VC110.PDB
U:\VISION\LAB_1\DEBUG\MAIN.OBJ
U:\VISION\LAB_1\DEBUG\LAB_1.ILK
U:\VISION\LAB_1\DEBUG\LAB_1.EXE
U:\VISION\LAB_1\DEBUG\LAB_1.PDB
U:\Vision\lab_1\Debug\Binary.obj
U:\Vision\lab_1\Debug\CameraCalibration.obj
U:\Vision\lab_1\Debug\Edges.obj
U:\Vision\lab_1\Debug\Features.obj
U:\Vision\lab_1\Debug\Geometric.obj
U:\Vision\lab_1\Debug\Histograms.obj
U:\Vision\lab_1\Debug\Images.obj
U:\Vision\lab_1\Debug\main.obj
U:\Vision\lab_1\Debug\Recognition.obj
U:\Vision\lab_1\Debug\Utilities.obj
U:\Vision\lab_1\Debug\Video.obj
U:\Vision\lab_1\Debug\lab_1.ilk
U:\Vision\lab_1\Debug\cl.command.1.tlog
U:\Vision\lab_1\Debug\CL.read.1.tlog
U:\Vision\lab_1\Debug\CL.write.1.tlog
U:\Vision\lab_1\Debug\link-cvtres.read.1.tlog
U:\Vision\lab_1\Debug\link-cvtres.write.1.tlog
U:\Vision\lab_1\Debug\link-rc.read.1.tlog
U:\Vision\lab_1\Debug\link-rc.write.1.tlog
U:\Vision\lab_1\Debug\link.command.1.tlog
U:\Vision\lab_1\Debug\link.read.1.tlog
U:\Vision\lab_1\Debug\link.write.1.tlog
U:\Vision\lab_1\Debug\vc110.idb
U:\Vision\lab_1\Debug\lab_1.pdb
U:\Vision\lab_1\Debug\OpenCVExample.pdb
U:\Vision\lab_1\Debug\vc110.pdb
U:\Vision\lab_1\Debug\lab_1.exe
